<?xml version="1.0" encoding="UTF-8"?>
<testsuite xmlns:xsi="http://www.w3.org/2001/XMLSchema-instance" xsi:noNamespaceSchemaLocation="https://maven.apache.org/surefire/maven-surefire-plugin/xsd/surefire-test-report-3.0.xsd" version="3.0" name="com.example.modernrest.integration.UserControllerIntegrationTest" time="39.96" tests="6" errors="0" skipped="0" failures="0">
  <properties>
[...]
</properties>
  <testcase name="shouldReturnBadRequestForInvalidEnumValue" classname="com.example.modernrest.integration.UserControllerIntegrationTest" time="3.164">
    <system-out><![CDATA[12:52:06.329 [main] INFO org.springframework.test.context.support.AnnotationConfigContextLoaderUtils -- Could not detect default configuration classes for test class [com.example.modernrest.integration.UserControllerIntegrationTest]: UserControllerIntegrationTest does not declare any static, non-private, non-final, nested classes annotated with @Configuration.
12:52:06.795 [main] INFO org.springframework.boot.test.context.SpringBootTestContextBootstrapper -- Found @SpringBootConfiguration com.example.modernrest.ModernRestServiceApplication for test class com.example.modernrest.integration.UserControllerIntegrationTest
12:52:07.320 [main] INFO org.testcontainers.images.PullPolicy -- Image pull policy will be performed by: DefaultPullPolicy()
12:52:07.332 [main] INFO org.testcontainers.utility.ImageNameSubstitutor -- Image name substitution will be performed by: DefaultImageNameSubstitutor (composite of 'ConfigurationFileImageNameSubstitutor' and 'PrefixingImageNameSubstitutor')
12:52:08.175 [main] INFO org.testcontainers.dockerclient.DockerClientProviderStrategy -- Loaded org.testcontainers.dockerclient.NpipeSocketClientProviderStrategy from ~/.testcontainers.properties, will try it first
12:52:09.117 [main] INFO org.testcontainers.dockerclient.DockerClientProviderStrategy -- Found Docker environment with local Npipe socket (npipe:////./pipe/docker_engine)
12:52:09.121 [main] INFO org.testcontainers.DockerClientFactory -- Docker host IP address is localhost
12:52:09.181 [main] INFO org.testcontainers.DockerClientFactory -- Connected to docker: 
  Server Version: 27.3.1
  API Version: 1.47
  Operating System: Rancher Desktop WSL Distribution
  Total Memory: 7816 MB
12:52:09.285 [main] INFO tc.testcontainers/ryuk:0.7.0 -- Creating container for image: testcontainers/ryuk:0.7.0
12:52:09.950 [main] INFO org.testcontainers.utility.RegistryAuthLocator -- Credential helper/store (docker-credential-wincred) does not have credentials for https://index.docker.io/v1/
12:52:10.245 [main] INFO tc.testcontainers/ryuk:0.7.0 -- Container testcontainers/ryuk:0.7.0 is starting: 9229871bd66bfecddb4ee30f1afff16d9ea7fb5bf0b56dbf77a160f479225f11
12:52:11.215 [main] INFO tc.testcontainers/ryuk:0.7.0 -- Container testcontainers/ryuk:0.7.0 started in PT1.9305148S
12:52:11.246 [main] INFO org.testcontainers.utility.RyukResourceReaper -- Ryuk started - will monitor and terminate Testcontainers containers on JVM exit
12:52:11.247 [main] INFO org.testcontainers.DockerClientFactory -- Checking the system...
12:52:11.248 [main] INFO org.testcontainers.DockerClientFactory -- ✔︎ Docker server version should be at least 1.6.0
12:52:11.251 [main] INFO tc.postgres:15 -- Creating container for image: postgres:15
12:52:11.327 [main] INFO tc.postgres:15 -- Container postgres:15 is starting: 4d354f086f4e4b47cda99c8c66ec66c4b63c7e74dbc834f38fba77ceb667b94b
12:52:12.860 [main] INFO tc.postgres:15 -- Container postgres:15 started in PT1.6096025S
12:52:12.862 [main] INFO tc.postgres:15 -- Container is started (JDBC URL: jdbc:postgresql://localhost:32811/testdb?loggerLevel=OFF)
12:52:13.091 [main] INFO org.springframework.boot.devtools.restart.RestartApplicationListener -- Restart disabled due to context in which it is running

  .   ____          _            __ _ _
 /\\ / ___'_ __ _ _(_)_ __  __ _ \ \ \ \
( ( )\___ | '_ | '_| | '_ \/ _` | \ \ \ \
 \\/  ___)| |_)| | | | | || (_| |  ) ) ) )
  '  |____| .__|_| |_|_| |_\__, | / / / /
 =========|_|==============|___/=/_/_/_/

 :: Spring Boot ::                (v3.3.1)

2026-02-14 12:52:14.243 [background-preinit] INFO  [na] o.h.validator.internal.util.Version - HV000001: Hibernate Validator 8.0.1.Final
2026-02-14 12:52:14.393 [main] INFO  [na] c.e.m.i.UserControllerIntegrationTest - Starting UserControllerIntegrationTest using Java 21.0.6 with PID 30564 (started by ift.praveen in D:\SPRING BOOT\modern-rest-service)
2026-02-14 12:52:14.394 [main] DEBUG [na] c.e.m.i.UserControllerIntegrationTest - Running with Spring Boot v3.3.1, Spring v6.1.10
2026-02-14 12:52:14.396 [main] INFO  [na] c.e.m.i.UserControllerIntegrationTest - No active profile set, falling back to 1 default profile: "default"
2026-02-14 12:52:18.145 [main] INFO  [na] o.s.d.r.c.RepositoryConfigurationDelegate - Bootstrapping Spring Data JPA repositories in DEFAULT mode.
2026-02-14 12:52:18.316 [main] INFO  [na] o.s.d.r.c.RepositoryConfigurationDelegate - Finished Spring Data repository scanning in 147 ms. Found 1 JPA repository interface.
2026-02-14 12:52:21.335 [main] INFO  [na] com.zaxxer.hikari.HikariDataSource - HikariPool-1 - Starting...
2026-02-14 12:52:21.831 [main] INFO  [na] com.zaxxer.hikari.pool.HikariPool - HikariPool-1 - Added connection org.postgresql.jdbc.PgConnection@6a261998
2026-02-14 12:52:21.837 [main] INFO  [na] com.zaxxer.hikari.HikariDataSource - HikariPool-1 - Start completed.
2026-02-14 12:52:22.404 [main] INFO  [na] liquibase.database - Set default schema name to public
2026-02-14 12:52:23.525 [main] INFO  [na] liquibase.changelog - Creating database history table with name: public.databasechangelog
2026-02-14 12:52:23.654 [main] INFO  [na] liquibase.changelog - Reading from public.databasechangelog
2026-02-14 12:52:23.914 [main] INFO  [na] liquibase.lockservice - Successfully acquired change log lock
2026-02-14 12:52:23.920 [main] INFO  [na] liquibase.command - Using deploymentId: 1041143919
2026-02-14 12:52:23.928 [main] INFO  [na] liquibase.changelog - Reading from public.databasechangelog
2026-02-14 12:52:23.992 [main] INFO  [na] liquibase.ui - Running Changeset: db/changelog/db.changelog-master.xml::001-create-users-table::developer
2026-02-14 12:52:24.020 [main] INFO  [na] liquibase.changelog - Table users created
2026-02-14 12:52:24.024 [main] INFO  [na] liquibase.changelog - ChangeSet db/changelog/db.changelog-master.xml::001-create-users-table::developer ran successfully in 27ms
2026-02-14 12:52:24.046 [main] INFO  [na] liquibase.ui - Running Changeset: db/changelog/db.changelog-master.xml::002-create-orders-table::developer
2026-02-14 12:52:24.062 [main] INFO  [na] liquibase.changelog - Table orders created
2026-02-14 12:52:24.070 [main] INFO  [na] liquibase.changelog - Foreign key constraint added to orders (user_id)
2026-02-14 12:52:24.072 [main] INFO  [na] liquibase.changelog - ChangeSet db/changelog/db.changelog-master.xml::002-create-orders-table::developer ran successfully in 24ms
2026-02-14 12:52:24.092 [main] INFO  [na] liquibase.util - UPDATE SUMMARY
2026-02-14 12:52:24.093 [main] INFO  [na] liquibase.util - Run:                          2
2026-02-14 12:52:24.093 [main] INFO  [na] liquibase.util - Previously run:               0
2026-02-14 12:52:24.093 [main] INFO  [na] liquibase.util - Filtered out:                 0
2026-02-14 12:52:24.094 [main] INFO  [na] liquibase.util - -------------------------------
2026-02-14 12:52:24.095 [main] INFO  [na] liquibase.util - Total change sets:            2
2026-02-14 12:52:24.097 [main] INFO  [na] liquibase.util - Update summary generated
2026-02-14 12:52:24.103 [main] INFO  [na] liquibase.command - Update command completed successfully.
2026-02-14 12:52:24.104 [main] INFO  [na] liquibase.ui - Liquibase: Update has been successful. Rows affected: 2
2026-02-14 12:52:24.113 [main] INFO  [na] liquibase.lockservice - Successfully released change log lock
2026-02-14 12:52:24.118 [main] INFO  [na] liquibase.command - Command execution complete
2026-02-14 12:52:24.483 [main] INFO  [na] o.h.jpa.internal.util.LogHelper - HHH000204: Processing PersistenceUnitInfo [name: default]
2026-02-14 12:52:24.683 [main] INFO  [na] org.hibernate.Version - HHH000412: Hibernate ORM core version 6.5.2.Final
2026-02-14 12:52:24.790 [main] INFO  [na] o.h.c.i.RegionFactoryInitiator - HHH000026: Second-level cache disabled
2026-02-14 12:52:25.914 [main] INFO  [na] o.s.o.j.p.SpringPersistenceUnitInfo - No LoadTimeWeaver setup: ignoring JPA class transformer
2026-02-14 12:52:29.032 [main] INFO  [na] o.h.e.t.j.p.i.JtaPlatformInitiator - HHH000489: No JTA platform available (set 'hibernate.transaction.jta.platform' to enable JTA platform integration)
2026-02-14 12:52:29.138 [main] INFO  [na] o.s.o.j.LocalContainerEntityManagerFactoryBean - Initialized JPA EntityManagerFactory for persistence unit 'default'
2026-02-14 12:52:30.043 [main] INFO  [na] o.s.s.c.a.a.c.InitializeAuthenticationProviderBeanManagerConfigurer$InitializeAuthenticationProviderManagerConfigurer - Global AuthenticationManager configured with AuthenticationProvider bean with name authenticationProvider
2026-02-14 12:52:30.046 [main] WARN  [na] o.s.s.c.a.a.c.InitializeUserDetailsBeanManagerConfigurer$InitializeUserDetailsManagerConfigurer - Global AuthenticationManager configured with an AuthenticationProvider bean. UserDetailsService beans will not be used for username/password login. Consider removing the AuthenticationProvider bean. Alternatively, consider using the UserDetailsService in a manually instantiated DaoAuthenticationProvider.
2026-02-14 12:52:32.330 [main] INFO  [na] o.s.d.j.r.query.QueryEnhancerFactory - Hibernate is in classpath; If applicable, HQL parser will be used.
2026-02-14 12:52:34.463 [main] WARN  [na] o.s.b.a.o.j.JpaBaseConfiguration$JpaWebConfiguration - spring.jpa.open-in-view is enabled by default. Therefore, database queries may be performed during view rendering. Explicitly configure spring.jpa.open-in-view to disable this warning
2026-02-14 12:52:35.325 [main] INFO  [na] o.s.b.a.w.s.WelcomePageHandlerMapping - Adding welcome page template: index
2026-02-14 12:52:36.445 [main] INFO  [na] o.s.b.a.e.web.EndpointLinksResolver - Exposing 3 endpoints beneath base path '/actuator'
2026-02-14 12:52:38.882 [main] DEBUG [na] c.e.m.auth.JwtAuthenticationFilter - Filter 'jwtAuthenticationFilter' configured for use
2026-02-14 12:52:38.882 [main] DEBUG [na] c.e.m.config.CorrelationIdFilter - Filter 'correlationIdFilter' configured for use
2026-02-14 12:52:38.884 [main] INFO  [na] o.s.b.t.m.w.SpringBootMockServletContext - Initializing Spring TestDispatcherServlet ''
2026-02-14 12:52:38.884 [main] INFO  [na] o.s.t.w.s.TestDispatcherServlet - Initializing Servlet ''
2026-02-14 12:52:38.887 [main] INFO  [na] o.s.t.w.s.TestDispatcherServlet - Completed initialization in 2 ms
2026-02-14 12:52:39.109 [main] INFO  [na] c.e.m.i.UserControllerIntegrationTest - Started UserControllerIntegrationTest in 26.062 seconds (process running for 35.967)
2026-02-14 12:52:39.124 [scheduling-1] DEBUG [na] c.e.m.config.MaintenanceScheduler - Scheduled cleanup tick at 2026-02-14T03:52:39.124035200Z
]]></system-out>
    <system-err><![CDATA[WARNING: A Java agent has been loaded dynamically (C:\Users\ift.praveen\.m2\repository\net\bytebuddy\byte-buddy-agent\1.14.17\byte-buddy-agent-1.14.17.jar)
WARNING: If a serviceability tool is in use, please run with -XX:+EnableDynamicAgentLoading to hide this warning
WARNING: If a serviceability tool is not in use, please run with -Djdk.instrument.traceUsage for more information
WARNING: Dynamic loading of agents will be disallowed by default in a future release
]]></system-err>
  </testcase>
  <testcase name="shouldReturnConflictForDuplicateUser" classname="com.example.modernrest.integration.UserControllerIntegrationTest" time="0.877">
    <system-out><![CDATA[2026-02-14 12:52:43.396 [task-1] INFO  [na] c.e.m.e.UserChangedEventListener - User event action=CREATED userId=d5957e9c-e12b-4da3-ac33-aaea2832c545 username=dupuser
]]></system-out>
  </testcase>
  <testcase name="shouldExposeHateoasResourceLinks" classname="com.example.modernrest.integration.UserControllerIntegrationTest" time="0.794">
    <system-out><![CDATA[2026-02-14 12:52:43.833 [task-2] INFO  [na] c.e.m.e.UserChangedEventListener - User event action=CREATED userId=8c4fdbfd-dbad-4c4d-b904-8d87dd5d7273 username=linkuser
]]></system-out>
  </testcase>
  <testcase name="shouldRejectCreateForNonAdmin" classname="com.example.modernrest.integration.UserControllerIntegrationTest" time="0.214"/>
  <testcase name="shouldSupportXmlNegotiationForListEndpoint" classname="com.example.modernrest.integration.UserControllerIntegrationTest" time="0.376"/>
  <testcase name="shouldCreateUserSuccessfully" classname="com.example.modernrest.integration.UserControllerIntegrationTest" time="0.222">
    <system-out><![CDATA[2026-02-14 12:52:45.056 [task-3] INFO  [na] c.e.m.e.UserChangedEventListener - User event action=CREATED userId=5d89937b-0190-4c5f-ac2f-d9c33d10c676 username=testuser
]]></system-out>
  </testcase>
</testsuite>